<?xml version="1.0" encoding="UTF-8"?>
<testsuite name="agh.ics.oop.SimulationEngineTest" tests="3" skipped="0" failures="0" errors="0" timestamp="2021-11-18T01:27:14" hostname="macbook-pro.home" time="0.033">
  <properties/>
  <testcase name="runTest_0()" classname="agh.ics.oop.SimulationEngineTest" time="0.022"/>
  <testcase name="runTest_1()" classname="agh.ics.oop.SimulationEngineTest" time="0.005"/>
  <testcase name="runTest_2()" classname="agh.ics.oop.SimulationEngineTest" time="0.004"/>
  <system-out><![CDATA[ y\x  0 1 2 3 4 5 6 7 8 9
  5: ---------------------
  4: | | | |N| | | | | | |
  3: | | | | | | | | | | |
  2: | | |N| | | | | | | |
  1: | | | | | | | | | | |
  0: | | | | | | | | | | |
 -1: ---------------------

 y\x  0 1 2 3 4 5 6 7 8 9
  5: ---------------------
  4: | | | |N| | | | | | |
  3: | | | | | | | | | | |
  2: | | | | | | | | | | |
  1: | | | | | | | | | | |
  0: | | |S| | | | | | | |
 -1: ---------------------

 y\x  0 1 2 3 4 5 6 7 8 9
  5: ---------------------
  4: | | | |N| | | | | | |
  3: | | | | | | | | | | |
  2: | | |N| | | | | | | |
  1: | |N| | | | | | | | |
  0: | | | | | | | | | | |
 -1: ---------------------

 y\x  0 1 2 3 4 5 6 7 8 9
  5: ---------------------
  4: | |N| | | |W| | | | |
  3: | | |W| | | | | | | |
  2: | | | | | | | | | | |
  1: | | | | | | | | | | |
  0: | | | | | | | | | | |
 -1: ---------------------

 y\x  0 1 2 3 4 5 6 7 8 9
  5: ---------------------
  4: | |N| | | | | | | | |
  3: | | | | | | | |N| | |
  2: | | |N| | | | | | | |
  1: | |N| | | | | | | | |
  0: | | | | | | | | | | |
 -1: ---------------------

 y\x  0 1 2 3 4 5 6 7 8 9
  5: ---------------------
  4: | | | | | | | | | | |
  3: | |E|W| | | | | |E| |
  2: | | | | | | | | | | |
  1: | | | | | | | | | | |
  0: | |E| | | | | | | | |
 -1: ---------------------

]]></system-out>
  <system-err><![CDATA[]]></system-err>
</testsuite>
